app/build/outputs/logs/manifest-merger-debug-report.txt
-- Merging decision tree log ---
manifest
ADDED from src\main\AndroidManifest.xml:2:1-53:12
	package
		ADDED from src\main\AndroidManifest.xml:3:11-48
		INJECTED from src\main\AndroidManifest.xml
		INJECTED from src\main\AndroidManifest.xml
	android:versionName
		INJECTED from src\main\AndroidManifest.xml
		INJECTED from src\main\AndroidManifest.xml
	xmlns:android
		ADDED from src\main\AndroidManifest.xml:2:11-69
	android:versionCode
		INJECTED from src\main\AndroidManifest.xml
		INJECTED from src\main\AndroidManifest.xml
uses-sdk
ADDED from src\main\AndroidManifest.xml:5:5-7:40
MERGED from [com.android.support:appcompat-v7:23.4.0] AndroidManifest.xml:21:5-23:78
MERGED from [com.android.support:animated-vector-drawable:23.4.0] AndroidManifest.xml:5:5-44
MERGED from [com.android.support:support-vector-drawable:23.4.0] AndroidManifest.xml:5:5-43
MERGED from [com.android.support:support-v4:23.4.0] AndroidManifest.xml:20:5-43
MERGED from [com.android.support.constraint:constraint-layout:1.0.0-alpha1] AndroidManifest.xml:5:5-7:41
	tools:overrideLibrary
		ADDED from [com.android.support:appcompat-v7:23.4.0] AndroidManifest.xml:23:9-75
	android:targetSdkVersion
		ADDED from src\main\AndroidManifest.xml:7:9-38
		INJECTED from src\main\AndroidManifest.xml
		INJECTED from src\main\AndroidManifest.xml
	android:minSdkVersion
		ADDED from src\main\AndroidManifest.xml:6:9-35
		INJECTED from src\main\AndroidManifest.xml
		INJECTED from src\main\AndroidManifest.xml
uses-feature#0x00020000
ADDED from src\main\AndroidManifest.xml:9:5-53
	android:glEsVersion
		ADDED from src\main\AndroidManifest.xml:9:19-51
uses-feature#android.hardware.camera
ADDED from src\main\AndroidManifest.xml:10:5-59
	android:name
		ADDED from src\main\AndroidManifest.xml:10:19-57
uses-permission#android.permission.CAMERA
ADDED from src\main\AndroidManifest.xml:13:5-64
	android:name
		ADDED from src\main\AndroidManifest.xml:13:22-62
uses-permission#android.permission.INTERNET
ADDED from src\main\AndroidManifest.xml:16:5-66
	android:name
		ADDED from src\main\AndroidManifest.xml:16:22-64
uses-permission#android.permission.ACCESS_NETWORK_STATE
ADDED from src\main\AndroidManifest.xml:22:5-78
	android:name
		ADDED from src\main\AndroidManifest.xml:22:22-76
uses-permission#android.permission.READ_EXTERNAL_STORAGE
ADDED from src\main\AndroidManifest.xml:23:5-79
	android:name
		ADDED from src\main\AndroidManifest.xml:23:22-77
uses-permission#android.permission.WRITE_EXTERNAL_STORAGE
ADDED from src\main\AndroidManifest.xml:24:5-80
	android:name
		ADDED from src\main\AndroidManifest.xml:24:22-78
uses-permission#android.permission.READ_PHONE_STATE
ADDED from src\main\AndroidManifest.xml:25:5-74
	android:name
		ADDED from src\main\AndroidManifest.xml:25:22-72
application
ADDED from src\main\AndroidManifest.xml:27:5-51:19
MERGED from [com.android.support:appcompat-v7:23.4.0] AndroidManifest.xml:25:5-20
MERGED from [com.android.support:animated-vector-drawable:23.4.0] AndroidManifest.xml:7:5-20
MERGED from [com.android.support:support-vector-drawable:23.4.0] AndroidManifest.xml:7:5-20
MERGED from [com.android.support:support-v4:23.4.0] AndroidManifest.xml:22:5-20
MERGED from [com.android.support.constraint:constraint-layout:1.0.0-alpha1] AndroidManifest.xml:9:5-20
	android:label
		ADDED from src\main\AndroidManifest.xml:30:9-41
	android:supportsRtl
		ADDED from src\main\AndroidManifest.xml:32:9-35
	android:launchMode
		ADDED from src\main\AndroidManifest.xml:31:9-40
	android:allowBackup
		ADDED from src\main\AndroidManifest.xml:28:9-35
	android:icon
		ADDED from src\main\AndroidManifest.xml:29:9-43
	android:theme
		ADDED from src\main\AndroidManifest.xml:33:9-40
activity#com.example.kidsalphabetsar.MainActivity
ADDED from src\main\AndroidManifest.xml:34:9-42:20
	android:screenOrientation
		ADDED from src\main\AndroidManifest.xml:36:19-55
	android:theme
		ADDED from src\main\AndroidManifest.xml:35:19-57
	android:name
		ADDED from src\main\AndroidManifest.xml:34:19-47
intent-filter#android.intent.action.MAIN+android.intent.category.LAUNCHER
ADDED from src\main\AndroidManifest.xml:37:13-41:29
action#android.intent.action.MAIN
ADDED from src\main\AndroidManifest.xml:38:17-68
	android:name
		ADDED from src\main\AndroidManifest.xml:38:25-66
category#android.intent.category.LAUNCHER
ADDED from src\main\AndroidManifest.xml:40:17-76
	android:name
		ADDED from src\main\AndroidManifest.xml:40:27-74
activity#com.example.kidsalphabetsar.ArTracker.ArScannerActivity
ADDED from src\main\AndroidManifest.xml:43:9-46:20
	android:screenOrientation
		ADDED from src\main\AndroidManifest.xml:45:19-55
	android:theme
		ADDED from src\main\AndroidManifest.xml:44:19-57
	android:name
		ADDED from src\main\AndroidManifest.xml:43:19-62
activity#com.example.kidsalphabetsar.DrawingActivity
ADDED from src\main\AndroidManifest.xml:47:9-50:20
	android:screenOrientation
		ADDED from src\main\AndroidManifest.xml:49:19-55
	android:theme
		ADDED from src\main\AndroidManifest.xml:48:19-57
	android:name
		ADDED from src\main\AndroidManifest.xml:47:19-50